# JRE version: OpenJDK Runtime Environment (8.0) (build 1.8.0-25-microsoft-b00)
# Java VM: OpenJDK 64-Bit Server VM (25.71-b00 mixed mode windows-amd64 compressed oops)
Heap:
 PSYoungGen      total 59904K, used 9889K [0x00000000eab00000, 0x00000000f1a00000, 0x0000000100000000)
  eden space 54784K, 13% used [0x00000000eab00000,0x00000000eb1fc540,0x00000000ee080000)
  from space 5120K, 53% used [0x00000000ef100000,0x00000000ef3ac010,0x00000000ef600000)
  to   space 16896K, 0% used [0x00000000ee080000,0x00000000ee080000,0x00000000ef100000)
 ParOldGen       total 105472K, used 43803K [0x00000000c0000000, 0x00000000c6700000, 0x00000000eab00000)
  object space 105472K, 41% used [0x00000000c0000000,0x00000000c2ac6de0,0x00000000c6700000)
 Metaspace       used 14980K, capacity 15574K, committed 15872K, reserved 1062912K
  class space    used 1765K, capacity 1929K, committed 2048K, reserved 1048576K
GC Heap History (10 events):
Event: 32.566 GC heap before
{Heap before GC invocations=19 (full 0):
 PSYoungGen      total 71680K, used 68640K [0x00000000eab00000, 0x00000000ef600000, 0x0000000100000000)
  eden space 66560K, 100% used [0x00000000eab00000,0x00000000eec00000,0x00000000eec00000)
  from space 5120K, 40% used [0x00000000ef100000,0x00000000ef308000,0x00000000ef600000)
  to   space 5120K, 0% used [0x00000000eec00000,0x00000000eec00000,0x00000000ef100000)
 ParOldGen       total 87552K, used 73041K [0x00000000c0000000, 0x00000000c5580000, 0x00000000eab00000)
  object space 87552K, 83% used [0x00000000c0000000,0x00000000c4754578,0x00000000c5580000)
 Metaspace       used 14964K, capacity 15592K, committed 15872K, reserved 1062912K
  class space    used 1768K, capacity 1934K, committed 2048K, reserved 1048576K
Event: 32.581 GC heap after
Heap after GC invocations=19 (full 0):
 PSYoungGen      total 71680K, used 1652K [0x00000000eab00000, 0x00000000ef600000, 0x0000000100000000)
  eden space 66560K, 0% used [0x00000000eab00000,0x00000000eab00000,0x00000000eec00000)
  from space 5120K, 32% used [0x00000000eec00000,0x00000000eed9d110,0x00000000ef100000)
  to   space 5120K, 0% used [0x00000000ef100000,0x00000000ef100000,0x00000000ef600000)
 ParOldGen       total 87552K, used 74665K [0x00000000c0000000, 0x00000000c5580000, 0x00000000eab00000)
  object space 87552K, 85% used [0x00000000c0000000,0x00000000c48ea578,0x00000000c5580000)
 Metaspace       used 14964K, capacity 15592K, committed 15872K, reserved 1062912K
  class space    used 1768K, capacity 1934K, committed 2048K, reserved 1048576K
}
Event: 33.707 GC heap before
{Heap before GC invocations=20 (full 0):
 PSYoungGen      total 71680K, used 68212K [0x00000000eab00000, 0x00000000ef600000, 0x0000000100000000)
  eden space 66560K, 100% used [0x00000000eab00000,0x00000000eec00000,0x00000000eec00000)
  from space 5120K, 32% used [0x00000000eec00000,0x00000000eed9d110,0x00000000ef100000)
  to   space 5120K, 0% used [0x00000000ef100000,0x00000000ef100000,0x00000000ef600000)
 ParOldGen       total 87552K, used 74665K [0x00000000c0000000, 0x00000000c5580000, 0x00000000eab00000)
  object space 87552K, 85% used [0x00000000c0000000,0x00000000c48ea578,0x00000000c5580000)
 Metaspace       used 14986K, capacity 15592K, committed 15872K, reserved 1062912K
  class space    used 1768K, capacity 1934K, committed 2048K, reserved 1048576K
Event: 33.728 GC heap after
Heap after GC invocations=20 (full 0):
 PSYoungGen      total 71680K, used 819K [0x00000000eab00000, 0x00000000ef600000, 0x0000000100000000)
  eden space 66560K, 0% used [0x00000000eab00000,0x00000000eab00000,0x00000000eec00000)
  from space 5120K, 16% used [0x00000000ef100000,0x00000000ef1cce38,0x00000000ef600000)
  to   space 5120K, 0% used [0x00000000eec00000,0x00000000eec00000,0x00000000ef100000)
 ParOldGen       total 87552K, used 76097K [0x00000000c0000000, 0x00000000c5580000, 0x00000000eab00000)
  object space 87552K, 86% used [0x00000000c0000000,0x00000000c4a50588,0x00000000c5580000)
 Metaspace       used 14986K, capacity 15592K, committed 15872K, reserved 1062912K
  class space    used 1768K, capacity 1934K, committed 2048K, reserved 1048576K
}
Event: 33.728 GC heap before
{Heap before GC invocations=21 (full 1):
 PSYoungGen      total 71680K, used 819K [0x00000000eab00000, 0x00000000ef600000, 0x0000000100000000)
  eden space 66560K, 0% used [0x00000000eab00000,0x00000000eab00000,0x00000000eec00000)
  from space 5120K, 16% used [0x00000000ef100000,0x00000000ef1cce38,0x00000000ef600000)
  to   space 5120K, 0% used [0x00000000eec00000,0x00000000eec00000,0x00000000ef100000)
 ParOldGen       total 87552K, used 76097K [0x00000000c0000000, 0x00000000c5580000, 0x00000000eab00000)
  object space 87552K, 86% used [0x00000000c0000000,0x00000000c4a50588,0x00000000c5580000)
 Metaspace       used 14986K, capacity 15592K, committed 15872K, reserved 1062912K
  class space    used 1768K, capacity 1934K, committed 2048K, reserved 1048576K
Event: 34.340 GC heap after
Heap after GC invocations=21 (full 1):
 PSYoungGen      total 71680K, used 0K [0x00000000eab00000, 0x00000000ef600000, 0x0000000100000000)
  eden space 66560K, 0% used [0x00000000eab00000,0x00000000eab00000,0x00000000eec00000)
  from space 5120K, 0% used [0x00000000ef100000,0x00000000ef100000,0x00000000ef600000)
  to   space 5120K, 0% used [0x00000000eec00000,0x00000000eec00000,0x00000000ef100000)
 ParOldGen       total 105472K, used 43803K [0x00000000c0000000, 0x00000000c6700000, 0x00000000eab00000)
  object space 105472K, 41% used [0x00000000c0000000,0x00000000c2ac6de0,0x00000000c6700000)
 Metaspace       used 14978K, capacity 15574K, committed 15872K, reserved 1062912K
  class space    used 1765K, capacity 1929K, committed 2048K, reserved 1048576K
}
Event: 35.678 GC heap before
{Heap before GC invocations=22 (full 1):
 PSYoungGen      total 71680K, used 66560K [0x00000000eab00000, 0x00000000ef600000, 0x0000000100000000)
  eden space 66560K, 100% used [0x00000000eab00000,0x00000000eec00000,0x00000000eec00000)
  from space 5120K, 0% used [0x00000000ef100000,0x00000000ef100000,0x00000000ef600000)
  to   space 5120K, 0% used [0x00000000eec00000,0x00000000eec00000,0x00000000ef100000)
 ParOldGen       total 105472K, used 43803K [0x00000000c0000000, 0x00000000c6700000, 0x00000000eab00000)
  object space 105472K, 41% used [0x00000000c0000000,0x00000000c2ac6de0,0x00000000c6700000)
 Metaspace       used 14979K, capacity 15574K, committed 15872K, reserved 1062912K
  class space    used 1765K, capacity 1929K, committed 2048K, reserved 1048576K
Event: 35.690 GC heap after
Heap after GC invocations=22 (full 1):
 PSYoungGen      total 71680K, used 1779K [0x00000000eab00000, 0x00000000ef600000, 0x0000000100000000)
  eden space 66560K, 0% used [0x00000000eab00000,0x00000000eab00000,0x00000000eec00000)
  from space 5120K, 34% used [0x00000000eec00000,0x00000000eedbce10,0x00000000ef100000)
  to   space 5120K, 0% used [0x00000000ef100000,0x00000000ef100000,0x00000000ef600000)
 ParOldGen       total 105472K, used 43803K [0x00000000c0000000, 0x00000000c6700000, 0x00000000eab00000)
  object space 105472K, 41% used [0x00000000c0000000,0x00000000c2ac6de0,0x00000000c6700000)
 Metaspace       used 14979K, capacity 15574K, committed 15872K, reserved 1062912K
  class space    used 1765K, capacity 1929K, committed 2048K, reserved 1048576K
}
Event: 36.814 GC heap before
{Heap before GC invocations=23 (full 1):
 PSYoungGen      total 71680K, used 68339K [0x00000000eab00000, 0x00000000ef600000, 0x0000000100000000)
  eden space 66560K, 100% used [0x00000000eab00000,0x00000000eec00000,0x00000000eec00000)
  from space 5120K, 34% used [0x00000000eec00000,0x00000000eedbce10,0x00000000ef100000)
  to   space 5120K, 0% used [0x00000000ef100000,0x00000000ef100000,0x00000000ef600000)
 ParOldGen       total 105472K, used 43803K [0x00000000c0000000, 0x00000000c6700000, 0x00000000eab00000)
  object space 105472K, 41% used [0x00000000c0000000,0x00000000c2ac6de0,0x00000000c6700000)
 Metaspace       used 14979K, capacity 15574K, committed 15872K, reserved 1062912K
  class space    used 1765K, capacity 1929K, committed 2048K, reserved 1048576K
Event: 36.839 GC heap after
Heap after GC invocations=23 (full 1):
 PSYoungGen      total 59904K, used 2736K [0x00000000eab00000, 0x00000000f1a00000, 0x0000000100000000)
  eden space 54784K, 0% used [0x00000000eab00000,0x00000000eab00000,0x00000000ee080000)
  from space 5120K, 53% used [0x00000000ef100000,0x00000000ef3ac010,0x00000000ef600000)
  to   space 16896K, 0% used [0x00000000ee080000,0x00000000ee080000,0x00000000ef100000)
 ParOldGen       total 105472K, used 43803K [0x00000000c0000000, 0x00000000c6700000, 0x00000000eab00000)
  object space 105472K, 41% used [0x00000000c0000000,0x00000000c2ac6de0,0x00000000c6700000)
 Metaspace       used 14979K, capacity 15574K, committed 15872K, reserved 1062912K
  class space    used 1765K, capacity 1929K, committed 2048K, reserved 1048576K
}

