# JRE version: OpenJDK Runtime Environment (8.0) (build 1.8.0-25-microsoft-b00)
# Java VM: OpenJDK 64-Bit Server VM (25.71-b00 mixed mode windows-amd64 compressed oops)
Heap:
 PSYoungGen      total 234496K, used 58180K [0x00000000eab00000, 0x00000000fa700000, 0x0000000100000000)
  eden space 212480K, 24% used [0x00000000eab00000,0x00000000eded93c0,0x00000000f7a80000)
  from space 22016K, 23% used [0x00000000f9080000,0x00000000f9578000,0x00000000fa600000)
  to   space 22528K, 0% used [0x00000000f7a80000,0x00000000f7a80000,0x00000000f9080000)
 ParOldGen       total 102400K, used 49749K [0x00000000c0000000, 0x00000000c6400000, 0x00000000eab00000)
  object space 102400K, 48% used [0x00000000c0000000,0x00000000c3095628,0x00000000c6400000)
 Metaspace       used 15007K, capacity 15660K, committed 15872K, reserved 1062912K
  class space    used 1764K, capacity 1932K, committed 2048K, reserved 1048576K
GC Heap History (10 events):
Event: 48.929 GC heap before
{Heap before GC invocations=13 (full 0):
 PSYoungGen      total 234496K, used 216887K [0x00000000eab00000, 0x00000000fa700000, 0x0000000100000000)
  eden space 212480K, 100% used [0x00000000eab00000,0x00000000f7a80000,0x00000000f7a80000)
  from space 22016K, 20% used [0x00000000f9080000,0x00000000f94cdf58,0x00000000fa600000)
  to   space 22528K, 0% used [0x00000000f7a80000,0x00000000f7a80000,0x00000000f9080000)
 ParOldGen       total 87552K, used 71766K [0x00000000c0000000, 0x00000000c5580000, 0x00000000eab00000)
  object space 87552K, 81% used [0x00000000c0000000,0x00000000c4615820,0x00000000c5580000)
 Metaspace       used 14979K, capacity 15658K, committed 15872K, reserved 1062912K
  class space    used 1762K, capacity 1933K, committed 2048K, reserved 1048576K
Event: 48.994 GC heap after
Heap after GC invocations=13 (full 0):
 PSYoungGen      total 235008K, used 4144K [0x00000000eab00000, 0x00000000fa700000, 0x0000000100000000)
  eden space 212480K, 0% used [0x00000000eab00000,0x00000000eab00000,0x00000000f7a80000)
  from space 22528K, 18% used [0x00000000f7a80000,0x00000000f7e8c010,0x00000000f9080000)
  to   space 22016K, 0% used [0x00000000f9080000,0x00000000f9080000,0x00000000fa600000)
 ParOldGen       total 87552K, used 75995K [0x00000000c0000000, 0x00000000c5580000, 0x00000000eab00000)
  object space 87552K, 86% used [0x00000000c0000000,0x00000000c4a36d90,0x00000000c5580000)
 Metaspace       used 14979K, capacity 15658K, committed 15872K, reserved 1062912K
  class space    used 1762K, capacity 1933K, committed 2048K, reserved 1048576K
}
Event: 48.994 GC heap before
{Heap before GC invocations=14 (full 1):
 PSYoungGen      total 235008K, used 4144K [0x00000000eab00000, 0x00000000fa700000, 0x0000000100000000)
  eden space 212480K, 0% used [0x00000000eab00000,0x00000000eab00000,0x00000000f7a80000)
  from space 22528K, 18% used [0x00000000f7a80000,0x00000000f7e8c010,0x00000000f9080000)
  to   space 22016K, 0% used [0x00000000f9080000,0x00000000f9080000,0x00000000fa600000)
 ParOldGen       total 87552K, used 75995K [0x00000000c0000000, 0x00000000c5580000, 0x00000000eab00000)
  object space 87552K, 86% used [0x00000000c0000000,0x00000000c4a36d90,0x00000000c5580000)
 Metaspace       used 14979K, capacity 15658K, committed 15872K, reserved 1062912K
  class space    used 1762K, capacity 1933K, committed 2048K, reserved 1048576K
Event: 49.799 GC heap after
Heap after GC invocations=14 (full 1):
 PSYoungGen      total 235008K, used 0K [0x00000000eab00000, 0x00000000fa700000, 0x0000000100000000)
  eden space 212480K, 0% used [0x00000000eab00000,0x00000000eab00000,0x00000000f7a80000)
  from space 22528K, 0% used [0x00000000f7a80000,0x00000000f7a80000,0x00000000f9080000)
  to   space 22016K, 0% used [0x00000000f9080000,0x00000000f9080000,0x00000000fa600000)
 ParOldGen       total 102400K, used 41210K [0x00000000c0000000, 0x00000000c6400000, 0x00000000eab00000)
  object space 102400K, 40% used [0x00000000c0000000,0x00000000c283ea60,0x00000000c6400000)
 Metaspace       used 14973K, capacity 15638K, committed 15872K, reserved 1062912K
  class space    used 1760K, capacity 1929K, committed 2048K, reserved 1048576K
}
Event: 54.304 GC heap before
{Heap before GC invocations=15 (full 1):
 PSYoungGen      total 235008K, used 212480K [0x00000000eab00000, 0x00000000fa700000, 0x0000000100000000)
  eden space 212480K, 100% used [0x00000000eab00000,0x00000000f7a80000,0x00000000f7a80000)
  from space 22528K, 0% used [0x00000000f7a80000,0x00000000f7a80000,0x00000000f9080000)
  to   space 22016K, 0% used [0x00000000f9080000,0x00000000f9080000,0x00000000fa600000)
 ParOldGen       total 102400K, used 41210K [0x00000000c0000000, 0x00000000c6400000, 0x00000000eab00000)
  object space 102400K, 40% used [0x00000000c0000000,0x00000000c283ea60,0x00000000c6400000)
 Metaspace       used 14974K, capacity 15638K, committed 15872K, reserved 1062912K
  class space    used 1760K, capacity 1929K, committed 2048K, reserved 1048576K
Event: 54.335 GC heap after
Heap after GC invocations=15 (full 1):
 PSYoungGen      total 234496K, used 4384K [0x00000000eab00000, 0x00000000fa700000, 0x0000000100000000)
  eden space 212480K, 0% used [0x00000000eab00000,0x00000000eab00000,0x00000000f7a80000)
  from space 22016K, 19% used [0x00000000f9080000,0x00000000f94c8000,0x00000000fa600000)
  to   space 22528K, 0% used [0x00000000f7a80000,0x00000000f7a80000,0x00000000f9080000)
 ParOldGen       total 102400K, used 41210K [0x00000000c0000000, 0x00000000c6400000, 0x00000000eab00000)
  object space 102400K, 40% used [0x00000000c0000000,0x00000000c283ea60,0x00000000c6400000)
 Metaspace       used 14974K, capacity 15638K, committed 15872K, reserved 1062912K
  class space    used 1760K, capacity 1929K, committed 2048K, reserved 1048576K
}
Event: 59.431 GC heap before
{Heap before GC invocations=16 (full 1):
 PSYoungGen      total 234496K, used 216864K [0x00000000eab00000, 0x00000000fa700000, 0x0000000100000000)
  eden space 212480K, 100% used [0x00000000eab00000,0x00000000f7a80000,0x00000000f7a80000)
  from space 22016K, 19% used [0x00000000f9080000,0x00000000f94c8000,0x00000000fa600000)
  to   space 22528K, 0% used [0x00000000f7a80000,0x00000000f7a80000,0x00000000f9080000)
 ParOldGen       total 102400K, used 41210K [0x00000000c0000000, 0x00000000c6400000, 0x00000000eab00000)
  object space 102400K, 40% used [0x00000000c0000000,0x00000000c283ea60,0x00000000c6400000)
 Metaspace       used 14975K, capacity 15638K, committed 15872K, reserved 1062912K
  class space    used 1760K, capacity 1929K, committed 2048K, reserved 1048576K
Event: 59.465 GC heap after
Heap after GC invocations=16 (full 1):
 PSYoungGen      total 235008K, used 4384K [0x00000000eab00000, 0x00000000fa700000, 0x0000000100000000)
  eden space 212480K, 0% used [0x00000000eab00000,0x00000000eab00000,0x00000000f7a80000)
  from space 22528K, 19% used [0x00000000f7a80000,0x00000000f7ec8000,0x00000000f9080000)
  to   space 22016K, 0% used [0x00000000f9080000,0x00000000f9080000,0x00000000fa600000)
 ParOldGen       total 102400K, used 45506K [0x00000000c0000000, 0x00000000c6400000, 0x00000000eab00000)
  object space 102400K, 44% used [0x00000000c0000000,0x00000000c2c70a60,0x00000000c6400000)
 Metaspace       used 14975K, capacity 15638K, committed 15872K, reserved 1062912K
  class space    used 1760K, capacity 1929K, committed 2048K, reserved 1048576K
}
Event: 67.733 GC heap before
{Heap before GC invocations=17 (full 1):
 PSYoungGen      total 235008K, used 216864K [0x00000000eab00000, 0x00000000fa700000, 0x0000000100000000)
  eden space 212480K, 100% used [0x00000000eab00000,0x00000000f7a80000,0x00000000f7a80000)
  from space 22528K, 19% used [0x00000000f7a80000,0x00000000f7ec8000,0x00000000f9080000)
  to   space 22016K, 0% used [0x00000000f9080000,0x00000000f9080000,0x00000000fa600000)
 ParOldGen       total 102400K, used 45506K [0x00000000c0000000, 0x00000000c6400000, 0x00000000eab00000)
  object space 102400K, 44% used [0x00000000c0000000,0x00000000c2c70a60,0x00000000c6400000)
 Metaspace       used 15005K, capacity 15660K, committed 15872K, reserved 1062912K
  class space    used 1764K, capacity 1932K, committed 2048K, reserved 1048576K
Event: 67.881 GC heap after
Heap after GC invocations=17 (full 1):
 PSYoungGen      total 234496K, used 5088K [0x00000000eab00000, 0x00000000fa700000, 0x0000000100000000)
  eden space 212480K, 0% used [0x00000000eab00000,0x00000000eab00000,0x00000000f7a80000)
  from space 22016K, 23% used [0x00000000f9080000,0x00000000f9578000,0x00000000fa600000)
  to   space 22528K, 0% used [0x00000000f7a80000,0x00000000f7a80000,0x00000000f9080000)
 ParOldGen       total 102400K, used 49749K [0x00000000c0000000, 0x00000000c6400000, 0x00000000eab00000)
  object space 102400K, 48% used [0x00000000c0000000,0x00000000c3095628,0x00000000c6400000)
 Metaspace       used 15005K, capacity 15660K, committed 15872K, reserved 1062912K
  class space    used 1764K, capacity 1932K, committed 2048K, reserved 1048576K
}

