# JRE version: OpenJDK Runtime Environment (8.0) (build 1.8.0-25-microsoft-b00)
# Java VM: OpenJDK 64-Bit Server VM (25.71-b00 mixed mode windows-amd64 compressed oops)
Heap:
 PSYoungGen      total 288768K, used 162720K [0x00000000eab00000, 0x00000000fdb00000, 0x0000000100000000)
  eden space 266240K, 56% used [0x00000000eab00000,0x00000000f3dd2528,0x00000000faf00000)
  from space 22528K, 54% used [0x00000000faf00000,0x00000000fbb15af8,0x00000000fc500000)
  to   space 21504K, 0% used [0x00000000fc600000,0x00000000fc600000,0x00000000fdb00000)
 ParOldGen       total 87552K, used 55623K [0x00000000c0000000, 0x00000000c5580000, 0x00000000eab00000)
  object space 87552K, 63% used [0x00000000c0000000,0x00000000c3651e00,0x00000000c5580000)
 Metaspace       used 14905K, capacity 15578K, committed 15872K, reserved 1062912K
  class space    used 1762K, capacity 1931K, committed 2048K, reserved 1048576K
GC Heap History (10 events):
Event: 6.944 GC heap before
{Heap before GC invocations=5 (full 0):
 PSYoungGen      total 71680K, used 71678K [0x00000000eab00000, 0x00000000ef600000, 0x0000000100000000)
  eden space 66560K, 100% used [0x00000000eab00000,0x00000000eec00000,0x00000000eec00000)
  from space 5120K, 99% used [0x00000000ef100000,0x00000000ef5ffb18,0x00000000ef600000)
  to   space 5120K, 0% used [0x00000000eec00000,0x00000000eec00000,0x00000000ef100000)
 ParOldGen       total 87552K, used 32803K [0x00000000c0000000, 0x00000000c5580000, 0x00000000eab00000)
  object space 87552K, 37% used [0x00000000c0000000,0x00000000c2008f30,0x00000000c5580000)
 Metaspace       used 11891K, capacity 12412K, committed 12672K, reserved 1060864K
  class space    used 1491K, capacity 1632K, committed 1664K, reserved 1048576K
Event: 7.232 GC heap after
Heap after GC invocations=5 (full 0):
 PSYoungGen      total 71680K, used 5096K [0x00000000eab00000, 0x00000000f5c00000, 0x0000000100000000)
  eden space 66560K, 0% used [0x00000000eab00000,0x00000000eab00000,0x00000000eec00000)
  from space 5120K, 99% used [0x00000000eec00000,0x00000000ef0fa040,0x00000000ef100000)
  to   space 24064K, 0% used [0x00000000f4480000,0x00000000f4480000,0x00000000f5c00000)
 ParOldGen       total 87552K, used 48334K [0x00000000c0000000, 0x00000000c5580000, 0x00000000eab00000)
  object space 87552K, 55% used [0x00000000c0000000,0x00000000c2f33858,0x00000000c5580000)
 Metaspace       used 11891K, capacity 12412K, committed 12672K, reserved 1060864K
  class space    used 1491K, capacity 1632K, committed 1664K, reserved 1048576K
}
Event: 12.678 GC heap before
{Heap before GC invocations=6 (full 0):
 PSYoungGen      total 71680K, used 71656K [0x00000000eab00000, 0x00000000f5c00000, 0x0000000100000000)
  eden space 66560K, 100% used [0x00000000eab00000,0x00000000eec00000,0x00000000eec00000)
  from space 5120K, 99% used [0x00000000eec00000,0x00000000ef0fa040,0x00000000ef100000)
  to   space 24064K, 0% used [0x00000000f4480000,0x00000000f4480000,0x00000000f5c00000)
 ParOldGen       total 87552K, used 48334K [0x00000000c0000000, 0x00000000c5580000, 0x00000000eab00000)
  object space 87552K, 55% used [0x00000000c0000000,0x00000000c2f33858,0x00000000c5580000)
 Metaspace       used 14384K, capacity 14992K, committed 15232K, reserved 1062912K
  class space    used 1713K, capacity 1856K, committed 1920K, reserved 1048576K
Event: 12.760 GC heap after
Heap after GC invocations=6 (full 0):
 PSYoungGen      total 157184K, used 8113K [0x00000000eab00000, 0x00000000f5c00000, 0x0000000100000000)
  eden space 133120K, 0% used [0x00000000eab00000,0x00000000eab00000,0x00000000f2d00000)
  from space 24064K, 33% used [0x00000000f4480000,0x00000000f4c6c670,0x00000000f5c00000)
  to   space 24064K, 0% used [0x00000000f2d00000,0x00000000f2d00000,0x00000000f4480000)
 ParOldGen       total 87552K, used 48334K [0x00000000c0000000, 0x00000000c5580000, 0x00000000eab00000)
  object space 87552K, 55% used [0x00000000c0000000,0x00000000c2f33858,0x00000000c5580000)
 Metaspace       used 14384K, capacity 14992K, committed 15232K, reserved 1062912K
  class space    used 1713K, capacity 1856K, committed 1920K, reserved 1048576K
}
Event: 16.855 GC heap before
{Heap before GC invocations=7 (full 0):
 PSYoungGen      total 157184K, used 141233K [0x00000000eab00000, 0x00000000f5c00000, 0x0000000100000000)
  eden space 133120K, 100% used [0x00000000eab00000,0x00000000f2d00000,0x00000000f2d00000)
  from space 24064K, 33% used [0x00000000f4480000,0x00000000f4c6c670,0x00000000f5c00000)
  to   space 24064K, 0% used [0x00000000f2d00000,0x00000000f2d00000,0x00000000f4480000)
 ParOldGen       total 87552K, used 48334K [0x00000000c0000000, 0x00000000c5580000, 0x00000000eab00000)
  object space 87552K, 55% used [0x00000000c0000000,0x00000000c2f33858,0x00000000c5580000)
 Metaspace       used 14666K, capacity 15246K, committed 15488K, reserved 1062912K
  class space    used 1740K, capacity 1893K, committed 1920K, reserved 1048576K
Event: 16.945 GC heap after
Heap after GC invocations=7 (full 0):
 PSYoungGen      total 157184K, used 9400K [0x00000000eab00000, 0x00000000fdd00000, 0x0000000100000000)
  eden space 133120K, 0% used [0x00000000eab00000,0x00000000eab00000,0x00000000f2d00000)
  from space 24064K, 39% used [0x00000000f2d00000,0x00000000f362e2c8,0x00000000f4480000)
  to   space 23552K, 0% used [0x00000000fc600000,0x00000000fc600000,0x00000000fdd00000)
 ParOldGen       total 87552K, used 50134K [0x00000000c0000000, 0x00000000c5580000, 0x00000000eab00000)
  object space 87552K, 57% used [0x00000000c0000000,0x00000000c30f5898,0x00000000c5580000)
 Metaspace       used 14666K, capacity 15246K, committed 15488K, reserved 1062912K
  class space    used 1740K, capacity 1893K, committed 1920K, reserved 1048576K
}
Event: 20.136 GC heap before
{Heap before GC invocations=8 (full 0):
 PSYoungGen      total 157184K, used 142520K [0x00000000eab00000, 0x00000000fdd00000, 0x0000000100000000)
  eden space 133120K, 100% used [0x00000000eab00000,0x00000000f2d00000,0x00000000f2d00000)
  from space 24064K, 39% used [0x00000000f2d00000,0x00000000f362e2c8,0x00000000f4480000)
  to   space 23552K, 0% used [0x00000000fc600000,0x00000000fc600000,0x00000000fdd00000)
 ParOldGen       total 87552K, used 50134K [0x00000000c0000000, 0x00000000c5580000, 0x00000000eab00000)
  object space 87552K, 57% used [0x00000000c0000000,0x00000000c30f5898,0x00000000c5580000)
 Metaspace       used 14747K, capacity 15410K, committed 15488K, reserved 1062912K
  class space    used 1744K, capacity 1899K, committed 1920K, reserved 1048576K
Event: 20.223 GC heap after
Heap after GC invocations=8 (full 0):
 PSYoungGen      total 287744K, used 11323K [0x00000000eab00000, 0x00000000fdb00000, 0x0000000100000000)
  eden space 266240K, 0% used [0x00000000eab00000,0x00000000eab00000,0x00000000faf00000)
  from space 21504K, 52% used [0x00000000fc600000,0x00000000fd10edc0,0x00000000fdb00000)
  to   space 22528K, 0% used [0x00000000faf00000,0x00000000faf00000,0x00000000fc500000)
 ParOldGen       total 87552K, used 51550K [0x00000000c0000000, 0x00000000c5580000, 0x00000000eab00000)
  object space 87552K, 58% used [0x00000000c0000000,0x00000000c32579a0,0x00000000c5580000)
 Metaspace       used 14747K, capacity 15410K, committed 15488K, reserved 1062912K
  class space    used 1744K, capacity 1899K, committed 1920K, reserved 1048576K
}
Event: 26.913 GC heap before
{Heap before GC invocations=9 (full 0):
 PSYoungGen      total 287744K, used 277563K [0x00000000eab00000, 0x00000000fdb00000, 0x0000000100000000)
  eden space 266240K, 100% used [0x00000000eab00000,0x00000000faf00000,0x00000000faf00000)
  from space 21504K, 52% used [0x00000000fc600000,0x00000000fd10edc0,0x00000000fdb00000)
  to   space 22528K, 0% used [0x00000000faf00000,0x00000000faf00000,0x00000000fc500000)
 ParOldGen       total 87552K, used 51550K [0x00000000c0000000, 0x00000000c5580000, 0x00000000eab00000)
  object space 87552K, 58% used [0x00000000c0000000,0x00000000c32579a0,0x00000000c5580000)
 Metaspace       used 14885K, capacity 15578K, committed 15872K, reserved 1062912K
  class space    used 1762K, capacity 1931K, committed 2048K, reserved 1048576K
Event: 27.085 GC heap after
Heap after GC invocations=9 (full 0):
 PSYoungGen      total 288768K, used 12374K [0x00000000eab00000, 0x00000000fdb00000, 0x0000000100000000)
  eden space 266240K, 0% used [0x00000000eab00000,0x00000000eab00000,0x00000000faf00000)
  from space 22528K, 54% used [0x00000000faf00000,0x00000000fbb15af8,0x00000000fc500000)
  to   space 21504K, 0% used [0x00000000fc600000,0x00000000fc600000,0x00000000fdb00000)
 ParOldGen       total 87552K, used 55623K [0x00000000c0000000, 0x00000000c5580000, 0x00000000eab00000)
  object space 87552K, 63% used [0x00000000c0000000,0x00000000c3651e00,0x00000000c5580000)
 Metaspace       used 14885K, capacity 15578K, committed 15872K, reserved 1062912K
  class space    used 1762K, capacity 1931K, committed 2048K, reserved 1048576K
}

