# JRE version: OpenJDK Runtime Environment (8.0) (build 1.8.0-25-microsoft-b00)
# Java VM: OpenJDK 64-Bit Server VM (25.71-b00 mixed mode windows-amd64 compressed oops)
Heap:
 PSYoungGen      total 99840K, used 56213K [0x00000000eab00000, 0x00000000f3e80000, 0x0000000100000000)
  eden space 77824K, 69% used [0x00000000eab00000,0x00000000ee00cd00,0x00000000ef700000)
  from space 22016K, 8% used [0x00000000ef700000,0x00000000ef8d8a58,0x00000000f0c80000)
  to   space 20992K, 0% used [0x00000000f2a00000,0x00000000f2a00000,0x00000000f3e80000)
 ParOldGen       total 87552K, used 70062K [0x00000000c0000000, 0x00000000c5580000, 0x00000000eab00000)
  object space 87552K, 80% used [0x00000000c0000000,0x00000000c446bbb8,0x00000000c5580000)
 Metaspace       used 14948K, capacity 15584K, committed 15872K, reserved 1062912K
  class space    used 1770K, capacity 1934K, committed 2048K, reserved 1048576K
GC Heap History (10 events):
Event: 31.543 GC heap before
{Heap before GC invocations=13 (full 0):
 PSYoungGen      total 71680K, used 67424K [0x00000000eab00000, 0x00000000ef600000, 0x0000000100000000)
  eden space 66560K, 100% used [0x00000000eab00000,0x00000000eec00000,0x00000000eec00000)
  from space 5120K, 16% used [0x00000000ef100000,0x00000000ef1d8000,0x00000000ef600000)
  to   space 5120K, 0% used [0x00000000eec00000,0x00000000eec00000,0x00000000ef100000)
 ParOldGen       total 87552K, used 64830K [0x00000000c0000000, 0x00000000c5580000, 0x00000000eab00000)
  object space 87552K, 74% used [0x00000000c0000000,0x00000000c3f4fbb8,0x00000000c5580000)
 Metaspace       used 14900K, capacity 15516K, committed 15872K, reserved 1062912K
  class space    used 1766K, capacity 1934K, committed 2048K, reserved 1048576K
Event: 31.567 GC heap after
Heap after GC invocations=13 (full 0):
 PSYoungGen      total 71680K, used 1600K [0x00000000eab00000, 0x00000000ef600000, 0x0000000100000000)
  eden space 66560K, 0% used [0x00000000eab00000,0x00000000eab00000,0x00000000eec00000)
  from space 5120K, 31% used [0x00000000eec00000,0x00000000eed90000,0x00000000ef100000)
  to   space 5120K, 0% used [0x00000000ef100000,0x00000000ef100000,0x00000000ef600000)
 ParOldGen       total 87552K, used 65614K [0x00000000c0000000, 0x00000000c5580000, 0x00000000eab00000)
  object space 87552K, 74% used [0x00000000c0000000,0x00000000c4013bb8,0x00000000c5580000)
 Metaspace       used 14900K, capacity 15516K, committed 15872K, reserved 1062912K
  class space    used 1766K, capacity 1934K, committed 2048K, reserved 1048576K
}
Event: 32.863 GC heap before
{Heap before GC invocations=14 (full 0):
 PSYoungGen      total 71680K, used 68160K [0x00000000eab00000, 0x00000000ef600000, 0x0000000100000000)
  eden space 66560K, 100% used [0x00000000eab00000,0x00000000eec00000,0x00000000eec00000)
  from space 5120K, 31% used [0x00000000eec00000,0x00000000eed90000,0x00000000ef100000)
  to   space 5120K, 0% used [0x00000000ef100000,0x00000000ef100000,0x00000000ef600000)
 ParOldGen       total 87552K, used 65614K [0x00000000c0000000, 0x00000000c5580000, 0x00000000eab00000)
  object space 87552K, 74% used [0x00000000c0000000,0x00000000c4013bb8,0x00000000c5580000)
 Metaspace       used 14923K, capacity 15580K, committed 15872K, reserved 1062912K
  class space    used 1770K, capacity 1934K, committed 2048K, reserved 1048576K
Event: 32.922 GC heap after
Heap after GC invocations=14 (full 0):
 PSYoungGen      total 53760K, used 1312K [0x00000000eab00000, 0x00000000f4000000, 0x0000000100000000)
  eden space 48640K, 0% used [0x00000000eab00000,0x00000000eab00000,0x00000000eda80000)
  from space 5120K, 25% used [0x00000000ef100000,0x00000000ef248000,0x00000000ef600000)
  to   space 23040K, 0% used [0x00000000eda80000,0x00000000eda80000,0x00000000ef100000)
 ParOldGen       total 87552K, used 66990K [0x00000000c0000000, 0x00000000c5580000, 0x00000000eab00000)
  object space 87552K, 76% used [0x00000000c0000000,0x00000000c416bbb8,0x00000000c5580000)
 Metaspace       used 14923K, capacity 15580K, committed 15872K, reserved 1062912K
  class space    used 1770K, capacity 1934K, committed 2048K, reserved 1048576K
}
Event: 33.861 GC heap before
{Heap before GC invocations=15 (full 0):
 PSYoungGen      total 53760K, used 49952K [0x00000000eab00000, 0x00000000f4000000, 0x0000000100000000)
  eden space 48640K, 100% used [0x00000000eab00000,0x00000000eda80000,0x00000000eda80000)
  from space 5120K, 25% used [0x00000000ef100000,0x00000000ef248000,0x00000000ef600000)
  to   space 23040K, 0% used [0x00000000eda80000,0x00000000eda80000,0x00000000ef100000)
 ParOldGen       total 87552K, used 66990K [0x00000000c0000000, 0x00000000c5580000, 0x00000000eab00000)
  object space 87552K, 76% used [0x00000000c0000000,0x00000000c416bbb8,0x00000000c5580000)
 Metaspace       used 14923K, capacity 15580K, committed 15872K, reserved 1062912K
  class space    used 1770K, capacity 1934K, committed 2048K, reserved 1048576K
Event: 33.891 GC heap after
Heap after GC invocations=15 (full 0):
 PSYoungGen      total 71680K, used 1280K [0x00000000eab00000, 0x00000000f2300000, 0x0000000100000000)
  eden space 48640K, 0% used [0x00000000eab00000,0x00000000eab00000,0x00000000eda80000)
  from space 23040K, 5% used [0x00000000eda80000,0x00000000edbc0000,0x00000000ef100000)
  to   space 22528K, 0% used [0x00000000f0d00000,0x00000000f0d00000,0x00000000f2300000)
 ParOldGen       total 87552K, used 68222K [0x00000000c0000000, 0x00000000c5580000, 0x00000000eab00000)
  object space 87552K, 77% used [0x00000000c0000000,0x00000000c429fbb8,0x00000000c5580000)
 Metaspace       used 14923K, capacity 15580K, committed 15872K, reserved 1062912K
  class space    used 1770K, capacity 1934K, committed 2048K, reserved 1048576K
}
Event: 34.861 GC heap before
{Heap before GC invocations=16 (full 0):
 PSYoungGen      total 71680K, used 49920K [0x00000000eab00000, 0x00000000f2300000, 0x0000000100000000)
  eden space 48640K, 100% used [0x00000000eab00000,0x00000000eda80000,0x00000000eda80000)
  from space 23040K, 5% used [0x00000000eda80000,0x00000000edbc0000,0x00000000ef100000)
  to   space 22528K, 0% used [0x00000000f0d00000,0x00000000f0d00000,0x00000000f2300000)
 ParOldGen       total 87552K, used 68222K [0x00000000c0000000, 0x00000000c5580000, 0x00000000eab00000)
  object space 87552K, 77% used [0x00000000c0000000,0x00000000c429fbb8,0x00000000c5580000)
 Metaspace       used 14933K, capacity 15580K, committed 15872K, reserved 1062912K
  class space    used 1770K, capacity 1934K, committed 2048K, reserved 1048576K
Event: 34.887 GC heap after
Heap after GC invocations=16 (full 0):
 PSYoungGen      total 99328K, used 704K [0x00000000eab00000, 0x00000000f2200000, 0x0000000100000000)
  eden space 77824K, 0% used [0x00000000eab00000,0x00000000eab00000,0x00000000ef700000)
  from space 21504K, 3% used [0x00000000f0d00000,0x00000000f0db0000,0x00000000f2200000)
  to   space 22016K, 0% used [0x00000000ef700000,0x00000000ef700000,0x00000000f0c80000)
 ParOldGen       total 87552K, used 69398K [0x00000000c0000000, 0x00000000c5580000, 0x00000000eab00000)
  object space 87552K, 79% used [0x00000000c0000000,0x00000000c43c5bb8,0x00000000c5580000)
 Metaspace       used 14933K, capacity 15580K, committed 15872K, reserved 1062912K
  class space    used 1770K, capacity 1934K, committed 2048K, reserved 1048576K
}
Event: 36.407 GC heap before
{Heap before GC invocations=17 (full 0):
 PSYoungGen      total 99328K, used 78528K [0x00000000eab00000, 0x00000000f2200000, 0x0000000100000000)
  eden space 77824K, 100% used [0x00000000eab00000,0x00000000ef700000,0x00000000ef700000)
  from space 21504K, 3% used [0x00000000f0d00000,0x00000000f0db0000,0x00000000f2200000)
  to   space 22016K, 0% used [0x00000000ef700000,0x00000000ef700000,0x00000000f0c80000)
 ParOldGen       total 87552K, used 69398K [0x00000000c0000000, 0x00000000c5580000, 0x00000000eab00000)
  object space 87552K, 79% used [0x00000000c0000000,0x00000000c43c5bb8,0x00000000c5580000)
 Metaspace       used 14942K, capacity 15580K, committed 15872K, reserved 1062912K
  class space    used 1770K, capacity 1934K, committed 2048K, reserved 1048576K
Event: 36.420 GC heap after
Heap after GC invocations=17 (full 0):
 PSYoungGen      total 99840K, used 1890K [0x00000000eab00000, 0x00000000f3e80000, 0x0000000100000000)
  eden space 77824K, 0% used [0x00000000eab00000,0x00000000eab00000,0x00000000ef700000)
  from space 22016K, 8% used [0x00000000ef700000,0x00000000ef8d8a58,0x00000000f0c80000)
  to   space 20992K, 0% used [0x00000000f2a00000,0x00000000f2a00000,0x00000000f3e80000)
 ParOldGen       total 87552K, used 70062K [0x00000000c0000000, 0x00000000c5580000, 0x00000000eab00000)
  object space 87552K, 80% used [0x00000000c0000000,0x00000000c446bbb8,0x00000000c5580000)
 Metaspace       used 14942K, capacity 15580K, committed 15872K, reserved 1062912K
  class space    used 1770K, capacity 1934K, committed 2048K, reserved 1048576K
}

