# JRE version: OpenJDK Runtime Environment (8.0) (build 1.8.0-25-microsoft-b00)
# Java VM: OpenJDK 64-Bit Server VM (25.71-b00 mixed mode windows-amd64 compressed oops)
Heap:
 PSYoungGen      total 114176K, used 83604K [0x00000000eab00000, 0x00000000f3480000, 0x0000000100000000)
  eden space 102400K, 79% used [0x00000000eab00000,0x00000000efa6d170,0x00000000f0f00000)
  from space 11776K, 19% used [0x00000000f0f00000,0x00000000f1138000,0x00000000f1a80000)
  to   space 11264K, 0% used [0x00000000f2980000,0x00000000f2980000,0x00000000f3480000)
 ParOldGen       total 87552K, used 51405K [0x00000000c0000000, 0x00000000c5580000, 0x00000000eab00000)
  object space 87552K, 58% used [0x00000000c0000000,0x00000000c3233568,0x00000000c5580000)
 Metaspace       used 14980K, capacity 15638K, committed 15872K, reserved 1062912K
  class space    used 1766K, capacity 1929K, committed 2048K, reserved 1048576K
GC Heap History (10 events):
Event: 39.223 GC heap before
{Heap before GC invocations=26 (full 1):
 PSYoungGen      total 90624K, used 79536K [0x00000000eab00000, 0x00000000f1200000, 0x0000000100000000)
  eden space 75264K, 100% used [0x00000000eab00000,0x00000000ef480000,0x00000000ef480000)
  from space 15360K, 27% used [0x00000000f0300000,0x00000000f072c010,0x00000000f1200000)
  to   space 14848K, 0% used [0x00000000ef480000,0x00000000ef480000,0x00000000f0300000)
 ParOldGen       total 87552K, used 40664K [0x00000000c0000000, 0x00000000c5580000, 0x00000000eab00000)
  object space 87552K, 46% used [0x00000000c0000000,0x00000000c27b62d8,0x00000000c5580000)
 Metaspace       used 14961K, capacity 15638K, committed 15872K, reserved 1062912K
  class space    used 1764K, capacity 1929K, committed 2048K, reserved 1048576K
Event: 39.267 GC heap after
Heap after GC invocations=26 (full 1):
 PSYoungGen      total 90112K, used 4736K [0x00000000eab00000, 0x00000000f1c00000, 0x0000000100000000)
  eden space 75264K, 0% used [0x00000000eab00000,0x00000000eab00000,0x00000000ef480000)
  from space 14848K, 31% used [0x00000000ef480000,0x00000000ef920000,0x00000000f0300000)
  to   space 13824K, 0% used [0x00000000f0e80000,0x00000000f0e80000,0x00000000f1c00000)
 ParOldGen       total 87552K, used 42040K [0x00000000c0000000, 0x00000000c5580000, 0x00000000eab00000)
  object space 87552K, 48% used [0x00000000c0000000,0x00000000c290e2e8,0x00000000c5580000)
 Metaspace       used 14961K, capacity 15638K, committed 15872K, reserved 1062912K
  class space    used 1764K, capacity 1929K, committed 2048K, reserved 1048576K
}
Event: 40.660 GC heap before
{Heap before GC invocations=27 (full 1):
 PSYoungGen      total 90112K, used 80000K [0x00000000eab00000, 0x00000000f1c00000, 0x0000000100000000)
  eden space 75264K, 100% used [0x00000000eab00000,0x00000000ef480000,0x00000000ef480000)
  from space 14848K, 31% used [0x00000000ef480000,0x00000000ef920000,0x00000000f0300000)
  to   space 13824K, 0% used [0x00000000f0e80000,0x00000000f0e80000,0x00000000f1c00000)
 ParOldGen       total 87552K, used 42040K [0x00000000c0000000, 0x00000000c5580000, 0x00000000eab00000)
  object space 87552K, 48% used [0x00000000c0000000,0x00000000c290e2e8,0x00000000c5580000)
 Metaspace       used 14961K, capacity 15638K, committed 15872K, reserved 1062912K
  class space    used 1764K, capacity 1929K, committed 2048K, reserved 1048576K
Event: 40.695 GC heap after
Heap after GC invocations=27 (full 1):
 PSYoungGen      total 100864K, used 4064K [0x00000000eab00000, 0x00000000f1b00000, 0x0000000100000000)
  eden space 88064K, 0% used [0x00000000eab00000,0x00000000eab00000,0x00000000f0100000)
  from space 12800K, 31% used [0x00000000f0e80000,0x00000000f1278000,0x00000000f1b00000)
  to   space 13312K, 0% used [0x00000000f0100000,0x00000000f0100000,0x00000000f0e00000)
 ParOldGen       total 87552K, used 43960K [0x00000000c0000000, 0x00000000c5580000, 0x00000000eab00000)
  object space 87552K, 50% used [0x00000000c0000000,0x00000000c2aee2e8,0x00000000c5580000)
 Metaspace       used 14961K, capacity 15638K, committed 15872K, reserved 1062912K
  class space    used 1764K, capacity 1929K, committed 2048K, reserved 1048576K
}
Event: 42.389 GC heap before
{Heap before GC invocations=28 (full 1):
 PSYoungGen      total 100864K, used 92128K [0x00000000eab00000, 0x00000000f1b00000, 0x0000000100000000)
  eden space 88064K, 100% used [0x00000000eab00000,0x00000000f0100000,0x00000000f0100000)
  from space 12800K, 31% used [0x00000000f0e80000,0x00000000f1278000,0x00000000f1b00000)
  to   space 13312K, 0% used [0x00000000f0100000,0x00000000f0100000,0x00000000f0e00000)
 ParOldGen       total 87552K, used 43960K [0x00000000c0000000, 0x00000000c5580000, 0x00000000eab00000)
  object space 87552K, 50% used [0x00000000c0000000,0x00000000c2aee2e8,0x00000000c5580000)
 Metaspace       used 14961K, capacity 15638K, committed 15872K, reserved 1062912K
  class space    used 1764K, capacity 1929K, committed 2048K, reserved 1048576K
Event: 42.426 GC heap after
Heap after GC invocations=28 (full 1):
 PSYoungGen      total 101376K, used 3104K [0x00000000eab00000, 0x00000000f2780000, 0x0000000100000000)
  eden space 88064K, 0% used [0x00000000eab00000,0x00000000eab00000,0x00000000f0100000)
  from space 13312K, 23% used [0x00000000f0100000,0x00000000f0408000,0x00000000f0e00000)
  to   space 12288K, 0% used [0x00000000f1b80000,0x00000000f1b80000,0x00000000f2780000)
 ParOldGen       total 87552K, used 46576K [0x00000000c0000000, 0x00000000c5580000, 0x00000000eab00000)
  object space 87552K, 53% used [0x00000000c0000000,0x00000000c2d7c2e8,0x00000000c5580000)
 Metaspace       used 14961K, capacity 15638K, committed 15872K, reserved 1062912K
  class space    used 1764K, capacity 1929K, committed 2048K, reserved 1048576K
}
Event: 43.942 GC heap before
{Heap before GC invocations=29 (full 1):
 PSYoungGen      total 101376K, used 91168K [0x00000000eab00000, 0x00000000f2780000, 0x0000000100000000)
  eden space 88064K, 100% used [0x00000000eab00000,0x00000000f0100000,0x00000000f0100000)
  from space 13312K, 23% used [0x00000000f0100000,0x00000000f0408000,0x00000000f0e00000)
  to   space 12288K, 0% used [0x00000000f1b80000,0x00000000f1b80000,0x00000000f2780000)
 ParOldGen       total 87552K, used 46576K [0x00000000c0000000, 0x00000000c5580000, 0x00000000eab00000)
  object space 87552K, 53% used [0x00000000c0000000,0x00000000c2d7c2e8,0x00000000c5580000)
 Metaspace       used 14963K, capacity 15638K, committed 15872K, reserved 1062912K
  class space    used 1764K, capacity 1929K, committed 2048K, reserved 1048576K
Event: 43.976 GC heap after
Heap after GC invocations=29 (full 1):
 PSYoungGen      total 113152K, used 1824K [0x00000000eab00000, 0x00000000f2600000, 0x0000000100000000)
  eden space 102400K, 0% used [0x00000000eab00000,0x00000000eab00000,0x00000000f0f00000)
  from space 10752K, 16% used [0x00000000f1b80000,0x00000000f1d48000,0x00000000f2600000)
  to   space 11776K, 0% used [0x00000000f0f00000,0x00000000f0f00000,0x00000000f1a80000)
 ParOldGen       total 87552K, used 49648K [0x00000000c0000000, 0x00000000c5580000, 0x00000000eab00000)
  object space 87552K, 56% used [0x00000000c0000000,0x00000000c307c2e8,0x00000000c5580000)
 Metaspace       used 14963K, capacity 15638K, committed 15872K, reserved 1062912K
  class space    used 1764K, capacity 1929K, committed 2048K, reserved 1048576K
}
Event: 45.844 GC heap before
{Heap before GC invocations=30 (full 1):
 PSYoungGen      total 113152K, used 104224K [0x00000000eab00000, 0x00000000f2600000, 0x0000000100000000)
  eden space 102400K, 100% used [0x00000000eab00000,0x00000000f0f00000,0x00000000f0f00000)
  from space 10752K, 16% used [0x00000000f1b80000,0x00000000f1d48000,0x00000000f2600000)
  to   space 11776K, 0% used [0x00000000f0f00000,0x00000000f0f00000,0x00000000f1a80000)
 ParOldGen       total 87552K, used 49648K [0x00000000c0000000, 0x00000000c5580000, 0x00000000eab00000)
  object space 87552K, 56% used [0x00000000c0000000,0x00000000c307c2e8,0x00000000c5580000)
 Metaspace       used 14968K, capacity 15638K, committed 15872K, reserved 1062912K
  class space    used 1764K, capacity 1929K, committed 2048K, reserved 1048576K
Event: 45.873 GC heap after
Heap after GC invocations=30 (full 1):
 PSYoungGen      total 114176K, used 2272K [0x00000000eab00000, 0x00000000f3480000, 0x0000000100000000)
  eden space 102400K, 0% used [0x00000000eab00000,0x00000000eab00000,0x00000000f0f00000)
  from space 11776K, 19% used [0x00000000f0f00000,0x00000000f1138000,0x00000000f1a80000)
  to   space 11264K, 0% used [0x00000000f2980000,0x00000000f2980000,0x00000000f3480000)
 ParOldGen       total 87552K, used 51405K [0x00000000c0000000, 0x00000000c5580000, 0x00000000eab00000)
  object space 87552K, 58% used [0x00000000c0000000,0x00000000c3233568,0x00000000c5580000)
 Metaspace       used 14968K, capacity 15638K, committed 15872K, reserved 1062912K
  class space    used 1764K, capacity 1929K, committed 2048K, reserved 1048576K
}

