# JRE version: OpenJDK Runtime Environment (8.0) (build 1.8.0-25-microsoft-b00)
# Java VM: OpenJDK 64-Bit Server VM (25.71-b00 mixed mode windows-amd64 compressed oops)
Heap:
 PSYoungGen      total 173056K, used 26376K [0x00000000eab00000, 0x00000000f6c80000, 0x0000000100000000)
  eden space 152576K, 8% used [0x00000000eab00000,0x00000000eb8662c0,0x00000000f4000000)
  from space 20480K, 61% used [0x00000000f5400000,0x00000000f605c010,0x00000000f6800000)
  to   space 20480K, 0% used [0x00000000f4000000,0x00000000f4000000,0x00000000f5400000)
 ParOldGen       total 107008K, used 40352K [0x00000000c0000000, 0x00000000c6880000, 0x00000000eab00000)
  object space 107008K, 37% used [0x00000000c0000000,0x00000000c27681a8,0x00000000c6880000)
 Metaspace       used 14970K, capacity 15634K, committed 15872K, reserved 1062912K
  class space    used 1765K, capacity 1929K, committed 2048K, reserved 1048576K
GC Heap History (10 events):
Event: 38.430 GC heap before
{Heap before GC invocations=15 (full 1):
 PSYoungGen      total 156672K, used 133120K [0x00000000eab00000, 0x00000000f5b00000, 0x0000000100000000)
  eden space 133120K, 100% used [0x00000000eab00000,0x00000000f2d00000,0x00000000f2d00000)
  from space 23552K, 0% used [0x00000000f2d00000,0x00000000f2d00000,0x00000000f4400000)
  to   space 23552K, 0% used [0x00000000f4400000,0x00000000f4400000,0x00000000f5b00000)
 ParOldGen       total 107008K, used 40352K [0x00000000c0000000, 0x00000000c6880000, 0x00000000eab00000)
  object space 107008K, 37% used [0x00000000c0000000,0x00000000c27681a8,0x00000000c6880000)
 Metaspace       used 14961K, capacity 15570K, committed 15872K, reserved 1062912K
  class space    used 1764K, capacity 1929K, committed 2048K, reserved 1048576K
Event: 38.451 GC heap after
Heap after GC invocations=15 (full 1):
 PSYoungGen      total 156672K, used 2755K [0x00000000eab00000, 0x00000000f5b00000, 0x0000000100000000)
  eden space 133120K, 0% used [0x00000000eab00000,0x00000000eab00000,0x00000000f2d00000)
  from space 23552K, 11% used [0x00000000f4400000,0x00000000f46b0e20,0x00000000f5b00000)
  to   space 23552K, 0% used [0x00000000f2d00000,0x00000000f2d00000,0x00000000f4400000)
 ParOldGen       total 107008K, used 40352K [0x00000000c0000000, 0x00000000c6880000, 0x00000000eab00000)
  object space 107008K, 37% used [0x00000000c0000000,0x00000000c27681a8,0x00000000c6880000)
 Metaspace       used 14961K, capacity 15570K, committed 15872K, reserved 1062912K
  class space    used 1764K, capacity 1929K, committed 2048K, reserved 1048576K
}
Event: 40.970 GC heap before
{Heap before GC invocations=16 (full 1):
 PSYoungGen      total 156672K, used 135875K [0x00000000eab00000, 0x00000000f5b00000, 0x0000000100000000)
  eden space 133120K, 100% used [0x00000000eab00000,0x00000000f2d00000,0x00000000f2d00000)
  from space 23552K, 11% used [0x00000000f4400000,0x00000000f46b0e20,0x00000000f5b00000)
  to   space 23552K, 0% used [0x00000000f2d00000,0x00000000f2d00000,0x00000000f4400000)
 ParOldGen       total 107008K, used 40352K [0x00000000c0000000, 0x00000000c6880000, 0x00000000eab00000)
  object space 107008K, 37% used [0x00000000c0000000,0x00000000c27681a8,0x00000000c6880000)
 Metaspace       used 14962K, capacity 15570K, committed 15872K, reserved 1062912K
  class space    used 1764K, capacity 1929K, committed 2048K, reserved 1048576K
Event: 41.004 GC heap after
Heap after GC invocations=16 (full 1):
 PSYoungGen      total 156672K, used 4992K [0x00000000eab00000, 0x00000000f5b00000, 0x0000000100000000)
  eden space 133120K, 0% used [0x00000000eab00000,0x00000000eab00000,0x00000000f2d00000)
  from space 23552K, 21% used [0x00000000f2d00000,0x00000000f31e0000,0x00000000f4400000)
  to   space 23552K, 0% used [0x00000000f4400000,0x00000000f4400000,0x00000000f5b00000)
 ParOldGen       total 107008K, used 40352K [0x00000000c0000000, 0x00000000c6880000, 0x00000000eab00000)
  object space 107008K, 37% used [0x00000000c0000000,0x00000000c27681a8,0x00000000c6880000)
 Metaspace       used 14962K, capacity 15570K, committed 15872K, reserved 1062912K
  class space    used 1764K, capacity 1929K, committed 2048K, reserved 1048576K
}
Event: 43.620 GC heap before
{Heap before GC invocations=17 (full 1):
 PSYoungGen      total 156672K, used 138112K [0x00000000eab00000, 0x00000000f5b00000, 0x0000000100000000)
  eden space 133120K, 100% used [0x00000000eab00000,0x00000000f2d00000,0x00000000f2d00000)
  from space 23552K, 21% used [0x00000000f2d00000,0x00000000f31e0000,0x00000000f4400000)
  to   space 23552K, 0% used [0x00000000f4400000,0x00000000f4400000,0x00000000f5b00000)
 ParOldGen       total 107008K, used 40352K [0x00000000c0000000, 0x00000000c6880000, 0x00000000eab00000)
  object space 107008K, 37% used [0x00000000c0000000,0x00000000c27681a8,0x00000000c6880000)
 Metaspace       used 14963K, capacity 15570K, committed 15872K, reserved 1062912K
  class space    used 1764K, capacity 1929K, committed 2048K, reserved 1048576K
Event: 43.674 GC heap after
Heap after GC invocations=17 (full 1):
 PSYoungGen      total 156672K, used 7552K [0x00000000eab00000, 0x00000000f5b00000, 0x0000000100000000)
  eden space 133120K, 0% used [0x00000000eab00000,0x00000000eab00000,0x00000000f2d00000)
  from space 23552K, 32% used [0x00000000f4400000,0x00000000f4b60000,0x00000000f5b00000)
  to   space 23552K, 0% used [0x00000000f2d00000,0x00000000f2d00000,0x00000000f4400000)
 ParOldGen       total 107008K, used 40352K [0x00000000c0000000, 0x00000000c6880000, 0x00000000eab00000)
  object space 107008K, 37% used [0x00000000c0000000,0x00000000c27681a8,0x00000000c6880000)
 Metaspace       used 14963K, capacity 15570K, committed 15872K, reserved 1062912K
  class space    used 1764K, capacity 1929K, committed 2048K, reserved 1048576K
}
Event: 47.156 GC heap before
{Heap before GC invocations=18 (full 1):
 PSYoungGen      total 156672K, used 140672K [0x00000000eab00000, 0x00000000f5b00000, 0x0000000100000000)
  eden space 133120K, 100% used [0x00000000eab00000,0x00000000f2d00000,0x00000000f2d00000)
  from space 23552K, 32% used [0x00000000f4400000,0x00000000f4b60000,0x00000000f5b00000)
  to   space 23552K, 0% used [0x00000000f2d00000,0x00000000f2d00000,0x00000000f4400000)
 ParOldGen       total 107008K, used 40352K [0x00000000c0000000, 0x00000000c6880000, 0x00000000eab00000)
  object space 107008K, 37% used [0x00000000c0000000,0x00000000c27681a8,0x00000000c6880000)
 Metaspace       used 14963K, capacity 15570K, committed 15872K, reserved 1062912K
  class space    used 1764K, capacity 1929K, committed 2048K, reserved 1048576K
Event: 47.184 GC heap after
Heap after GC invocations=18 (full 1):
 PSYoungGen      total 156672K, used 10128K [0x00000000eab00000, 0x00000000f6800000, 0x0000000100000000)
  eden space 133120K, 0% used [0x00000000eab00000,0x00000000eab00000,0x00000000f2d00000)
  from space 23552K, 43% used [0x00000000f2d00000,0x00000000f36e4010,0x00000000f4400000)
  to   space 20480K, 0% used [0x00000000f5400000,0x00000000f5400000,0x00000000f6800000)
 ParOldGen       total 107008K, used 40352K [0x00000000c0000000, 0x00000000c6880000, 0x00000000eab00000)
  object space 107008K, 37% used [0x00000000c0000000,0x00000000c27681a8,0x00000000c6880000)
 Metaspace       used 14963K, capacity 15570K, committed 15872K, reserved 1062912K
  class space    used 1764K, capacity 1929K, committed 2048K, reserved 1048576K
}
Event: 51.006 GC heap before
{Heap before GC invocations=19 (full 1):
 PSYoungGen      total 156672K, used 143248K [0x00000000eab00000, 0x00000000f6800000, 0x0000000100000000)
  eden space 133120K, 100% used [0x00000000eab00000,0x00000000f2d00000,0x00000000f2d00000)
  from space 23552K, 43% used [0x00000000f2d00000,0x00000000f36e4010,0x00000000f4400000)
  to   space 20480K, 0% used [0x00000000f5400000,0x00000000f5400000,0x00000000f6800000)
 ParOldGen       total 107008K, used 40352K [0x00000000c0000000, 0x00000000c6880000, 0x00000000eab00000)
  object space 107008K, 37% used [0x00000000c0000000,0x00000000c27681a8,0x00000000c6880000)
 Metaspace       used 14970K, capacity 15634K, committed 15872K, reserved 1062912K
  class space    used 1765K, capacity 1929K, committed 2048K, reserved 1048576K
Event: 51.180 GC heap after
Heap after GC invocations=19 (full 1):
 PSYoungGen      total 173056K, used 12656K [0x00000000eab00000, 0x00000000f6c80000, 0x0000000100000000)
  eden space 152576K, 0% used [0x00000000eab00000,0x00000000eab00000,0x00000000f4000000)
  from space 20480K, 61% used [0x00000000f5400000,0x00000000f605c010,0x00000000f6800000)
  to   space 20480K, 0% used [0x00000000f4000000,0x00000000f4000000,0x00000000f5400000)
 ParOldGen       total 107008K, used 40352K [0x00000000c0000000, 0x00000000c6880000, 0x00000000eab00000)
  object space 107008K, 37% used [0x00000000c0000000,0x00000000c27681a8,0x00000000c6880000)
 Metaspace       used 14970K, capacity 15634K, committed 15872K, reserved 1062912K
  class space    used 1765K, capacity 1929K, committed 2048K, reserved 1048576K
}

